2025-03-27 15:56:16,177 - INFO - Starting Sentiment Analysis Pipeline...
2025-03-27 15:56:16,177 - INFO - Loading raw data...
2025-03-27 15:56:16,177 - INFO - Opening Excel Files...
2025-03-27 15:56:31,179 - INFO - Data successfully written to raw_tweets table.
2025-03-27 15:56:31,191 - INFO - Preprocessing data...
2025-03-27 15:57:50,229 - INFO - Training the model...
2025-03-27 16:04:39,999 - INFO - Starting Sentiment Analysis Pipeline...
2025-03-27 16:04:39,999 - INFO - Loading raw data...
2025-03-27 16:04:39,999 - INFO - Opening Excel Files...
2025-03-27 16:04:53,598 - INFO - Data successfully written to raw_tweets table.
2025-03-27 16:04:53,609 - INFO - Preprocessing data...
2025-03-27 16:06:14,791 - INFO - Training the model...
2025-04-01 12:55:06,825 - INFO - Starting Sentiment Analysis Pipeline...
2025-04-01 12:55:06,828 - INFO - Loading raw data...
2025-04-01 12:55:06,828 - INFO - Opening Excel Files...
2025-04-01 12:55:20,965 - INFO - Data successfully written to raw_tweets table.
2025-04-01 12:55:20,976 - INFO - Preprocessing data...
2025-04-01 12:56:38,834 - INFO - Training the model...
2025-04-01 13:29:58,184 - INFO - Starting Sentiment Analysis Pipeline...
2025-04-01 13:29:58,184 - INFO - Loading raw data...
2025-04-01 13:29:58,184 - INFO - Opening Excel Files...
2025-04-01 13:30:11,058 - INFO - Data successfully written to raw_tweets table.
2025-04-01 13:30:11,070 - INFO - Preprocessing data...
2025-04-01 13:31:49,883 - INFO - Training the model...
2025-04-01 13:51:33,361 - INFO - Starting Sentiment Analysis Pipeline...
2025-04-01 13:51:33,363 - INFO - Loading raw data...
2025-04-01 13:51:33,363 - INFO - Opening Excel Files...
2025-04-01 13:51:46,801 - INFO - Data successfully written to raw_tweets table.
2025-04-01 13:51:46,815 - INFO - Preprocessing data...
2025-04-01 13:53:35,337 - INFO - Training the model...
2025-04-01 13:58:21,284 - INFO - Starting Sentiment Analysis Pipeline...
2025-04-01 13:58:21,284 - INFO - Loading raw data...
2025-04-01 13:58:21,284 - INFO - Opening Excel Files...
2025-04-01 13:58:37,710 - INFO - Data successfully written to raw_tweets table.
2025-04-01 13:58:37,733 - INFO - Preprocessing data...
2025-04-01 14:00:16,525 - INFO - Training the model...
2025-04-01 14:04:29,207 - INFO - Starting Sentiment Analysis Pipeline...
2025-04-01 14:04:29,207 - INFO - Loading raw data...
2025-04-01 14:04:29,207 - INFO - Opening Excel Files...
2025-04-01 14:04:46,149 - INFO - Data successfully written to raw_tweets table.
2025-04-01 14:04:46,174 - INFO - Preprocessing data...
2025-04-01 14:06:13,602 - INFO - Starting Sentiment Analysis Pipeline...
2025-04-01 14:06:13,602 - INFO - Loading raw data...
2025-04-01 14:06:13,603 - INFO - Opening Excel Files...
2025-04-01 14:06:25,724 - INFO - Data successfully written to raw_tweets table.
2025-04-01 14:06:25,735 - INFO - Preprocessing data...
2025-04-01 14:07:39,323 - INFO - Training the model...
2025-04-01 14:17:25,126 - INFO - Starting Sentiment Analysis Pipeline...
2025-04-01 14:17:25,129 - INFO - Loading raw data...
2025-04-01 14:17:25,129 - INFO - Opening Excel Files...
2025-04-01 14:17:37,475 - INFO - Data successfully written to raw_tweets table.
2025-04-01 14:17:37,486 - INFO - Preprocessing data...
2025-04-01 14:18:51,281 - INFO - Training the model...
2025-04-01 15:45:17,876 - INFO - Starting Sentiment Analysis Pipeline...
2025-04-01 15:45:17,878 - INFO - Loading raw data...
2025-04-01 15:45:17,878 - INFO - Opening Excel Files...
2025-04-01 15:47:08,775 - INFO - Starting Sentiment Analysis Pipeline...
2025-04-01 15:47:08,776 - INFO - Loading raw data...
2025-04-01 15:47:08,776 - INFO - Opening Excel Files...
2025-04-01 15:47:12,839 - INFO - Starting Sentiment Analysis Pipeline...
2025-04-01 15:47:12,839 - INFO - Loading raw data...
2025-04-01 15:47:12,839 - INFO - Opening Excel Files...
2025-04-01 15:47:56,953 - INFO - Starting Sentiment Analysis Pipeline...
2025-04-01 15:47:56,954 - INFO - Loading raw data...
2025-04-01 15:47:56,954 - INFO - Opening Excel Files...
2025-04-01 15:50:39,107 - INFO - Starting Sentiment Analysis Pipeline...
2025-04-01 15:50:39,108 - INFO - Loading raw data...
2025-04-01 15:50:39,108 - INFO - Opening Excel Files...
2025-04-01 15:52:08,002 - INFO - Starting Sentiment Analysis Pipeline...
2025-04-01 15:52:08,003 - INFO - Loading raw data...
2025-04-01 15:52:08,003 - INFO - Opening Excel Files...
2025-04-01 15:52:17,764 - INFO - Starting Sentiment Analysis Pipeline...
2025-04-01 15:52:17,765 - INFO - Loading raw data...
2025-04-01 15:52:17,765 - INFO - Opening Excel Files...
2025-04-01 15:58:49,842 - INFO - Starting Sentiment Analysis Pipeline...
2025-04-01 15:58:49,842 - INFO - Loading raw data...
2025-04-01 15:58:49,843 - INFO - Opening Excel Files...
2025-04-01 15:59:18,025 - INFO - Data successfully written to raw_tweets table.
2025-04-01 15:59:18,036 - INFO - Preprocessing data...
2025-04-01 16:01:29,189 - INFO - Training the model...
2025-04-01 16:24:16,568 - INFO - Starting Sentiment Analysis Pipeline...
2025-04-01 16:24:16,569 - INFO - Loading raw data...
2025-04-01 16:24:16,569 - INFO - Opening Excel Files...
2025-04-01 16:24:41,114 - INFO - Data successfully written to raw_tweets table.
2025-04-01 16:24:41,128 - INFO - Preprocessing data...
2025-04-01 16:26:35,149 - INFO - Training the model...
2025-04-02 12:15:41,953 - INFO - Starting Sentiment Analysis Pipeline...
2025-04-02 12:15:41,953 - INFO - Loading raw data...
2025-04-02 12:15:41,954 - INFO - Opening Excel Files...
2025-04-02 12:16:10,415 - INFO - Data successfully written to raw_tweets table.
2025-04-02 12:16:10,432 - INFO - Preprocessing data...
2025-04-02 12:17:50,175 - INFO - Training the model...
